<?xml version="1.0" encoding="UTF-8"?>
<!-- Generated by org.testng.reporters.JUnitXMLReporter -->
<testsuite ignored="0" hostname="DESKTOP-9H0AI10" failures="0" tests="4" name="TestMSEdge" time="17.793" errors="0" timestamp="2024-04-09T11:38:33 CST">
  <testcase classname="JavaTest.JavaTestNG" name="MyTest" time="0.011"/>
  <testcase classname="JavaTest.JavaTestNG" name="MyTest" time="0.003"/>
  <testcase classname="JavaTest.JavaTestNG" name="TestCase191" time="7.251"/>
  <testcase classname="JavaTest.JavaTestNG" name="TestCase191" time="2.238"/>
</testsuite> <!-- TestMSEdge -->
