<?xml version="1.0" encoding="UTF-8"?>
<!-- Generated by org.testng.reporters.JUnitXMLReporter -->
<testsuite ignored="0" hostname="DESKTOP-9H0AI10" failures="0" tests="4" name="TestChrome" time="13.12" errors="0" timestamp="2024-04-04T11:38:03 CST">
  <testcase classname="JavaTest.JavaTestNG" name="MyTest" time="0.003"/>
  <testcase classname="JavaTest.JavaTestNG" name="MyTest" time="0.002"/>
  <testcase classname="JavaTest.JavaTestNG" name="TestCase191" time="5.791"/>
  <testcase classname="JavaTest.JavaTestNG" name="TestCase191" time="2.661"/>
</testsuite> <!-- TestChrome -->
