<?xml version="1.0" encoding="UTF-8"?>
<!-- Generated by org.testng.reporters.JUnitXMLReporter -->
<testsuite ignored="0" hostname="DESKTOP-9H0AI10" failures="0" tests="4" name="TestMSEdge" time="16.609" errors="0" timestamp="2024-04-04T11:37:49 CST">
  <testcase classname="JavaTest.JavaTestNG" name="MyTest" time="0.009"/>
  <testcase classname="JavaTest.JavaTestNG" name="MyTest" time="0.003"/>
  <testcase classname="JavaTest.JavaTestNG" name="TestCase191" time="6.54"/>
  <testcase classname="JavaTest.JavaTestNG" name="TestCase191" time="2.688"/>
</testsuite> <!-- TestMSEdge -->
