<?xml version="1.0" encoding="UTF-8"?>
<!-- Generated by org.testng.reporters.JUnitXMLReporter -->
<testsuite ignored="0" hostname="DESKTOP-9H0AI10" failures="0" tests="4" name="TestChrome" time="14.968" errors="0" timestamp="2024-04-09T11:38:47 CST">
  <testcase classname="JavaTest.JavaTestNG" name="MyTest" time="0.003"/>
  <testcase classname="JavaTest.JavaTestNG" name="MyTest" time="0.002"/>
  <testcase classname="JavaTest.JavaTestNG" name="TestCase191" time="5.965"/>
  <testcase classname="JavaTest.JavaTestNG" name="TestCase191" time="3.037"/>
</testsuite> <!-- TestChrome -->
