<?xml version="1.0" encoding="UTF-8"?>
<testng-results ignored="0" total="8" passed="8" failed="0" skipped="0">
  <reporter-output>
  </reporter-output>
  <suite started-at="2024-04-04T11:37:33 CST" name="Suite" finished-at="2024-04-04T11:38:03 CST" duration-ms="29751">
    <groups>
    </groups>
    <test started-at="2024-04-04T11:37:33 CST" name="TestMSEdge" finished-at="2024-04-04T11:37:49 CST" duration-ms="16609">
      <class name="JavaTest.JavaTestNG">
        <test-method is-config="true" signature="Setup(java.lang.String)[pri:0, instance:JavaTest.JavaTestNG@23fb172e]" started-at="2024-04-04T11:37:33 CST" name="Setup" finished-at="2024-04-04T11:37:35 CST" duration-ms="2401" status="PASS">
          <params>
            <param index="0">
              <value>
                <![CDATA[MSEdge]]>
              </value>
            </param>
          </params>
          <reporter-output>
          </reporter-output>
        </test-method> <!-- Setup -->
        <test-method signature="MyTest(java.lang.String,java.lang.String)[pri:0, instance:JavaTest.JavaTestNG@23fb172e]" started-at="2024-04-04T11:37:35 CST" name="MyTest" data-provider="data-provider-local" finished-at="2024-04-04T11:37:35 CST" duration-ms="9" status="PASS">
          <params>
            <param index="0">
              <value>
                <![CDATA[1]]>
              </value>
            </param>
            <param index="1">
              <value>
                <![CDATA[2]]>
              </value>
            </param>
          </params>
          <reporter-output>
          </reporter-output>
        </test-method> <!-- MyTest -->
        <test-method signature="MyTest(java.lang.String,java.lang.String)[pri:0, instance:JavaTest.JavaTestNG@23fb172e]" started-at="2024-04-04T11:37:35 CST" name="MyTest" data-provider="data-provider-local" finished-at="2024-04-04T11:37:35 CST" duration-ms="3" status="PASS">
          <params>
            <param index="0">
              <value>
                <![CDATA[3]]>
              </value>
            </param>
            <param index="1">
              <value>
                <![CDATA[4]]>
              </value>
            </param>
          </params>
          <reporter-output>
          </reporter-output>
        </test-method> <!-- MyTest -->
        <test-method signature="TestCase191(java.lang.String,java.lang.String,java.lang.String,java.lang.String)[pri:0, instance:JavaTest.JavaTestNG@23fb172e]" started-at="2024-04-04T11:37:35 CST" name="TestCase191" data-provider="dataprovidersource" finished-at="2024-04-04T11:37:42 CST" duration-ms="6540" status="PASS">
          <params>
            <param index="0">
              <value>
                <![CDATA[Name]]>
              </value>
            </param>
            <param index="1">
              <value>
                <![CDATA[Email]]>
              </value>
            </param>
            <param index="2">
              <value>
                <![CDATA[Phone]]>
              </value>
            </param>
            <param index="3">
              <value>
                <![CDATA[Address]]>
              </value>
            </param>
          </params>
          <reporter-output>
          </reporter-output>
        </test-method> <!-- TestCase191 -->
        <test-method signature="TestCase191(java.lang.String,java.lang.String,java.lang.String,java.lang.String)[pri:0, instance:JavaTest.JavaTestNG@23fb172e]" started-at="2024-04-04T11:37:42 CST" name="TestCase191" data-provider="dataprovidersource" finished-at="2024-04-04T11:37:45 CST" duration-ms="2688" status="PASS">
          <params>
            <param index="0">
              <value>
                <![CDATA[John]]>
              </value>
            </param>
            <param index="1">
              <value>
                <![CDATA[John@email.com]]>
              </value>
            </param>
            <param index="2">
              <value>
                <![CDATA[999-888-22-33]]>
              </value>
            </param>
            <param index="3">
              <value>
                <![CDATA[123 Address St.]]>
              </value>
            </param>
          </params>
          <reporter-output>
          </reporter-output>
        </test-method> <!-- TestCase191 -->
        <test-method is-config="true" signature="TearDown()[pri:0, instance:JavaTest.JavaTestNG@23fb172e]" started-at="2024-04-04T11:37:45 CST" name="TearDown" finished-at="2024-04-04T11:37:49 CST" duration-ms="4907" status="PASS">
          <reporter-output>
          </reporter-output>
        </test-method> <!-- TearDown -->
      </class> <!-- JavaTest.JavaTestNG -->
    </test> <!-- TestMSEdge -->
    <test started-at="2024-04-04T11:37:50 CST" name="TestChrome" finished-at="2024-04-04T11:38:03 CST" duration-ms="13120">
      <class name="JavaTest.JavaTestNG">
        <test-method is-config="true" signature="Setup(java.lang.String)[pri:0, instance:JavaTest.JavaTestNG@60975100]" started-at="2024-04-04T11:37:50 CST" name="Setup" finished-at="2024-04-04T11:37:51 CST" duration-ms="1303" status="PASS">
          <params>
            <param index="0">
              <value>
                <![CDATA[Chrome]]>
              </value>
            </param>
          </params>
          <reporter-output>
          </reporter-output>
        </test-method> <!-- Setup -->
        <test-method signature="MyTest(java.lang.String,java.lang.String)[pri:0, instance:JavaTest.JavaTestNG@60975100]" started-at="2024-04-04T11:37:51 CST" name="MyTest" data-provider="data-provider-local" finished-at="2024-04-04T11:37:51 CST" duration-ms="3" status="PASS">
          <params>
            <param index="0">
              <value>
                <![CDATA[1]]>
              </value>
            </param>
            <param index="1">
              <value>
                <![CDATA[2]]>
              </value>
            </param>
          </params>
          <reporter-output>
          </reporter-output>
        </test-method> <!-- MyTest -->
        <test-method signature="MyTest(java.lang.String,java.lang.String)[pri:0, instance:JavaTest.JavaTestNG@60975100]" started-at="2024-04-04T11:37:51 CST" name="MyTest" data-provider="data-provider-local" finished-at="2024-04-04T11:37:51 CST" duration-ms="2" status="PASS">
          <params>
            <param index="0">
              <value>
                <![CDATA[3]]>
              </value>
            </param>
            <param index="1">
              <value>
                <![CDATA[4]]>
              </value>
            </param>
          </params>
          <reporter-output>
          </reporter-output>
        </test-method> <!-- MyTest -->
        <test-method signature="TestCase191(java.lang.String,java.lang.String,java.lang.String,java.lang.String)[pri:0, instance:JavaTest.JavaTestNG@60975100]" started-at="2024-04-04T11:37:51 CST" name="TestCase191" data-provider="dataprovidersource" finished-at="2024-04-04T11:37:57 CST" duration-ms="5791" status="PASS">
          <params>
            <param index="0">
              <value>
                <![CDATA[Name]]>
              </value>
            </param>
            <param index="1">
              <value>
                <![CDATA[Email]]>
              </value>
            </param>
            <param index="2">
              <value>
                <![CDATA[Phone]]>
              </value>
            </param>
            <param index="3">
              <value>
                <![CDATA[Address]]>
              </value>
            </param>
          </params>
          <reporter-output>
          </reporter-output>
        </test-method> <!-- TestCase191 -->
        <test-method signature="TestCase191(java.lang.String,java.lang.String,java.lang.String,java.lang.String)[pri:0, instance:JavaTest.JavaTestNG@60975100]" started-at="2024-04-04T11:37:57 CST" name="TestCase191" data-provider="dataprovidersource" finished-at="2024-04-04T11:37:59 CST" duration-ms="2661" status="PASS">
          <params>
            <param index="0">
              <value>
                <![CDATA[John]]>
              </value>
            </param>
            <param index="1">
              <value>
                <![CDATA[John@email.com]]>
              </value>
            </param>
            <param index="2">
              <value>
                <![CDATA[999-888-22-33]]>
              </value>
            </param>
            <param index="3">
              <value>
                <![CDATA[123 Address St.]]>
              </value>
            </param>
          </params>
          <reporter-output>
          </reporter-output>
        </test-method> <!-- TestCase191 -->
        <test-method is-config="true" signature="TearDown()[pri:0, instance:JavaTest.JavaTestNG@60975100]" started-at="2024-04-04T11:37:59 CST" name="TearDown" finished-at="2024-04-04T11:38:03 CST" duration-ms="3342" status="PASS">
          <reporter-output>
          </reporter-output>
        </test-method> <!-- TearDown -->
      </class> <!-- JavaTest.JavaTestNG -->
    </test> <!-- TestChrome -->
  </suite> <!-- Suite -->
</testng-results>
